@!@!@STARTMSG 2262:0 @!@!@
TLC2 Version 2.16 of 31 December 2020 (rev: cdddf55)
@!@!@ENDMSG 2262 @!@!@
@!@!@STARTMSG 2187:0 @!@!@
Running breadth-first search Model-Checking with fp 129 and seed -7247348241311985787 with 12 workers on 24 cores with 4764MB heap and 10714MB offheap memory [pid: 148099] (Linux 5.15.7-arch1-1 amd64, AdoptOpenJDK 14.0.1 x86_64, OffHeapDiskFPSet, DiskStateQueue).
@!@!@ENDMSG 2187 @!@!@
@!@!@STARTMSG 2220:0 @!@!@
Starting SANY...
@!@!@ENDMSG 2220 @!@!@
Parsing file /home/d4hines/repos/tla_plus_learning/tendermint.toolbox/Model_1/MC.tla
Parsing file /home/d4hines/repos/tla_plus_learning/tendermint.toolbox/Model_1/tendermint.tla
Parsing file /usr/share/java/tla-toolbox/plugins/org.lamport.tlatools_1.0.0.202012311918/tla2sany/StandardModules/TLC.tla
Parsing file /usr/share/java/tla-toolbox/plugins/org.lamport.tlatools_1.0.0.202012311918/tla2sany/StandardModules/Integers.tla
Parsing file /usr/share/java/tla-toolbox/plugins/org.lamport.tlatools_1.0.0.202012311918/tla2sany/StandardModules/Sequences.tla
Parsing file /usr/share/java/tla-toolbox/plugins/org.lamport.tlatools_1.0.0.202012311918/tla2sany/StandardModules/Naturals.tla
Parsing file /usr/share/java/tla-toolbox/plugins/org.lamport.tlatools_1.0.0.202012311918/tla2sany/StandardModules/FiniteSets.tla
Semantic processing of module Naturals
Semantic processing of module Integers
Semantic processing of module Sequences
Semantic processing of module tendermint
Semantic processing of module FiniteSets
Semantic processing of module TLC
Semantic processing of module MC
@!@!@STARTMSG 2219:0 @!@!@
SANY finished.
@!@!@ENDMSG 2219 @!@!@
@!@!@STARTMSG 2185:0 @!@!@
Starting... (2021-12-15 11:27:57)
@!@!@ENDMSG 2185 @!@!@
@!@!@STARTMSG 2189:0 @!@!@
Computing initial states...
@!@!@ENDMSG 2189 @!@!@
@!@!@STARTMSG 2102:1 @!@!@
TLC attempted to evaluate an unbounded \A.
Make sure that the expression is of form \A x \in S: P(x).
line 86, col 19 to line 86, col 38 of module tendermint
While working on the initial state:
/\ lockedValue = <<"nil", "nil", "nil", "nil">>
/\ lockedRound = <<-1, -1, -1, -1>>
/\ validValue = <<"nil", "nil", "nil", "nil">>
/\ validRound = <<-1, -1, -1, -1>>
/\ decision = <<<<>>, <<>>, <<>>, <<>>>>
/\ step = <<"propose", "propose", "propose", "propose">>
/\ round = <<0, 0, 0, 0>>
/\ good_nodes = 1..3
/\ pc = <<"Do", "Do", "Do", "Do">>
/\ bad_nodes = {4}
/\ height = <<0, 0, 0, 0>>
/\ nodes = {1, 2, 3, 4}

@!@!@ENDMSG 2102 @!@!@
@!@!@STARTMSG 2103:1 @!@!@
The error occurred when TLC was evaluating the nested
expressions at the following positions:
0. Line 49, column 9 to line 61, column 43 in tendermint
1. Line 49, column 12 to line 49, column 28 in tendermint
2. Line 50, column 12 to line 50, column 26 in tendermint
3. Line 51, column 12 to line 51, column 46 in tendermint
4. Line 53, column 12 to line 53, column 42 in tendermint
5. Line 54, column 12 to line 54, column 41 in tendermint
6. Line 55, column 12 to line 55, column 66 in tendermint
7. Line 56, column 12 to line 56, column 47 in tendermint
8. Line 57, column 12 to line 57, column 51 in tendermint
9. Line 58, column 12 to line 58, column 48 in tendermint
10. Line 59, column 12 to line 59, column 50 in tendermint
11. Line 60, column 12 to line 60, column 47 in tendermint
12. Line 61, column 12 to line 61, column 43 in tendermint
13. Line 86, column 19 to line 86, column 38 in tendermint


@!@!@ENDMSG 2103 @!@!@
@!@!@STARTMSG 2201:0 @!@!@
The coverage statistics at 2021-12-15 11:27:58
@!@!@ENDMSG 2201 @!@!@
@!@!@STARTMSG 2773:0 @!@!@
<Init line 48, col 1 to line 48, col 4 of module tendermint>: 2:2
@!@!@ENDMSG 2773 @!@!@
@!@!@STARTMSG 2221:0 @!@!@
  line 49, col 9 to line 61, col 43 of module tendermint: 2
@!@!@ENDMSG 2221 @!@!@
@!@!@STARTMSG 2772:0 @!@!@
<Terminating line 74, col 1 to line 74, col 11 of module tendermint>: 0:0
@!@!@ENDMSG 2772 @!@!@
@!@!@STARTMSG 2221:0 @!@!@
  line 75, col 19 to line 75, col 32 of module tendermint: 0
@!@!@ENDMSG 2221 @!@!@
@!@!@STARTMSG 2772:0 @!@!@
<Next line 77, col 1 to line 77, col 4 of module tendermint (77 10 77 38)>: 0:0
@!@!@ENDMSG 2772 @!@!@
@!@!@STARTMSG 2221:0 @!@!@
  line 64, col 16 to line 64, col 52 of module tendermint: 0
@!@!@ENDMSG 2221 @!@!@
@!@!@STARTMSG 2221:0 @!@!@
  line 66, col 16 to line 66, col 49 of module tendermint: 0
@!@!@ENDMSG 2221 @!@!@
@!@!@STARTMSG 2221:0 @!@!@
  line 67, col 16 to line 69, col 41 of module tendermint: 0
@!@!@ENDMSG 2221 @!@!@
@!@!@STARTMSG 2774:0 @!@!@
<DummyInvariant line 86, col 1 to line 86, col 14 of module tendermint>
@!@!@ENDMSG 2774 @!@!@
@!@!@STARTMSG 2221:0 @!@!@
  line 86, col 19 to line 86, col 38 of module tendermint: 2
@!@!@ENDMSG 2221 @!@!@
@!@!@STARTMSG 2202:0 @!@!@
End of statistics.
@!@!@ENDMSG 2202 @!@!@
@!@!@STARTMSG 2200:0 @!@!@
Progress(1) at 2021-12-15 11:27:58: 1 states generated (52 s/min), 1 distinct states found (52 ds/min), 1 states left on queue.
@!@!@ENDMSG 2200 @!@!@
@!@!@STARTMSG 2199:0 @!@!@
1 states generated, 1 distinct states found, 1 states left on queue.
@!@!@ENDMSG 2199 @!@!@
@!@!@STARTMSG 2186:0 @!@!@
Finished in 1150ms at (2021-12-15 11:27:58)
@!@!@ENDMSG 2186 @!@!@
